<?xml version="1.0" encoding="UTF-8"?>
<testsuite name="raisetech.StudentManagement.StudentManagementApplicationTests" tests="1" skipped="0" failures="0" errors="0" timestamp="2025-10-20T13:29:31.959Z" hostname="MacBook-Dir" time="0.337">
  <properties/>
  <testcase name="contextLoads()" classname="raisetech.StudentManagement.StudentManagementApplicationTests" time="0.337"/>
  <system-out><![CDATA[22:29:31.538 [Test worker] INFO org.springframework.test.context.support.AnnotationConfigContextLoaderUtils -- Could not detect default configuration classes for test class [raisetech.StudentManagement.StudentManagementApplicationTests]: StudentManagementApplicationTests does not declare any static, non-private, non-final, nested classes annotated with @Configuration.
22:29:31.574 [Test worker] INFO org.springframework.boot.test.context.SpringBootTestContextBootstrapper -- Found @SpringBootConfiguration raisetech.StudentManagement.StudentManagementApplication for test class raisetech.StudentManagement.StudentManagementApplicationTests

  .   ____          _            __ _ _
 /\\ / ___'_ __ _ _(_)_ __  __ _ \ \ \ \
( ( )\___ | '_ | '_| | '_ \/ _` | \ \ \ \
 \\/  ___)| |_)| | | | | || (_| |  ) ) ) )
  '  |____| .__|_| |_|_| |_\__, | / / / /
 =========|_|==============|___/=/_/_/_/

 :: Spring Boot ::                (v3.5.6)

2025-10-20T22:29:31.690+09:00  INFO 74335 --- [StudentManagement] [    Test worker] r.S.StudentManagementApplicationTests    : Starting StudentManagementApplicationTests using Java 21.0.8 with PID 74335 (started by daiki in /Users/daiki/IdeaProjects/StudentManagement)
2025-10-20T22:29:31.691+09:00  INFO 74335 --- [StudentManagement] [    Test worker] r.S.StudentManagementApplicationTests    : No active profile set, falling back to 1 default profile: "default"
2025-10-20T22:29:31.955+09:00  INFO 74335 --- [StudentManagement] [    Test worker] r.S.StudentManagementApplicationTests    : Started StudentManagementApplicationTests in 0.343 seconds (process running for 0.682)
]]></system-out>
  <system-err><![CDATA[Mockito is currently self-attaching to enable the inline-mock-maker. This will no longer work in future releases of the JDK. Please add Mockito as an agent to your build as described in Mockito's documentation: https://javadoc.io/doc/org.mockito/mockito-core/latest/org.mockito/org/mockito/Mockito.html#0.3
WARNING: A Java agent has been loaded dynamically (/Users/daiki/.gradle/caches/modules-2/files-2.1/net.bytebuddy/byte-buddy-agent/1.17.7/fbf3d6d649ed37fc9e9c59480a05be0a26e3c2da/byte-buddy-agent-1.17.7.jar)
WARNING: If a serviceability tool is in use, please run with -XX:+EnableDynamicAgentLoading to hide this warning
WARNING: If a serviceability tool is not in use, please run with -Djdk.instrument.traceUsage for more information
WARNING: Dynamic loading of agents will be disallowed by default in a future release
]]></system-err>
</testsuite>
